2021-07-06 04:07:38,777 [   1220]  ERROR - llij.ide.plugins.PluginManager - com.intellij.diagnostic.PluginException: Cannot create class com.intellij.openapi.editor.colors.ex.DefaultColorSchemesManager
java.util.concurrent.CompletionException: com.intellij.diagnostic.PluginException: Cannot create class com.intellij.openapi.editor.colors.ex.DefaultColorSchemesManager
at java.base/java.util.concurrent.CompletableFuture.encodeThrowable(CompletableFuture.java:314)
at java.base/java.util.concurrent.CompletableFuture.completeThrowable(CompletableFuture.java:319)
at java.base/java.util.concurrent.CompletableFuture$AsyncRun.run(CompletableFuture.java:1739)
at com.intellij.util.concurrency.BoundedTaskExecutor.doRun(BoundedTaskExecutor.java:215)
at com.intellij.util.concurrency.BoundedTaskExecutor.access$200(BoundedTaskExecutor.java:26)
at com.intellij.util.concurrency.BoundedTaskExecutor$1.execute(BoundedTaskExecutor.java:194)
at com.intellij.util.concurrency.BoundedTaskExecutor$1.run(BoundedTaskExecutor.java:186)
at java.base/java.util.concurrent.ThreadPoolExecutor.runWorker(ThreadPoolExecutor.java:1128)
at java.base/java.util.concurrent.ThreadPoolExecutor$Worker.run(ThreadPoolExecutor.java:628)
at java.base/java.util.concurrent.Executors$PrivilegedThreadFactory$1$1.run(Executors.java:668)
at java.base/java.util.concurrent.Executors$PrivilegedThreadFactory$1$1.run(Executors.java:665)
at java.base/java.security.AccessController.doPrivileged(Native Method)
at java.base/java.util.concurrent.Executors$PrivilegedThreadFactory$1.run(Executors.java:665)
at java.base/java.lang.Thread.run(Thread.java:834)
Caused by: com.intellij.diagnostic.PluginException: Cannot create class com.intellij.openapi.editor.colors.ex.DefaultColorSchemesManager
at com.intellij.ide.plugins.PluginManagerCore.createPluginException(PluginManagerCore.java:290)
at com.intellij.diagnostic.PluginProblemReporterImpl.createPluginExceptionByClass(PluginProblemReporterImpl.java:12)
at com.intellij.diagnostic.PluginException.createByClass(PluginException.java:58)
at com.intellij.serviceContainer.ComponentManagerImpl.instantiateClass(ComponentManagerImpl.kt:653)
at com.intellij.serviceContainer.ComponentManagerImpl.createLightService(ComponentManagerImpl.kt:597)
at com.intellij.serviceContainer.ComponentManagerImpl.getOrCreateLightService(ComponentManagerImpl.kt:492)
at com.intellij.serviceContainer.ComponentManagerImpl.getLightService$intellij_platform_serviceContainer(ComponentManagerImpl.kt:465)
at com.intellij.serviceContainer.ComponentManagerImpl.doGetService(ComponentManagerImpl.kt:402)
at com.intellij.serviceContainer.ComponentManagerImpl.getService(ComponentManagerImpl.kt:395)
at com.intellij.openapi.components.ServiceManager.getService(ServiceManager.java:20)
at com.intellij.openapi.editor.colors.ex.DefaultColorSchemesManager.getInstance(DefaultColorSchemesManager.java:39)
at com.intellij.openapi.editor.colors.impl.EditorColorsManagerImpl.initDefaultSchemes(EditorColorsManagerImpl.java:210)
at com.intellij.openapi.editor.colors.impl.EditorColorsManagerImpl.<init>(EditorColorsManagerImpl.java:173)
at com.intellij.openapi.editor.colors.impl.EditorColorsManagerImpl.<init>(EditorColorsManagerImpl.java:83)
at java.base/jdk.internal.reflect.NativeConstructorAccessorImpl.newInstance0(Native Method)
at java.base/jdk.internal.reflect.NativeConstructorAccessorImpl.newInstance(NativeConstructorAccessorImpl.java:62)
at java.base/jdk.internal.reflect.DelegatingConstructorAccessorImpl.newInstance(DelegatingConstructorAccessorImpl.java:45)
at java.base/java.lang.reflect.Constructor.newInstance(Constructor.java:490)
at com.intellij.serviceContainer.ConstructorInjectionKt.instantiateUsingPicoContainer(constructorInjection.kt:47)
at com.intellij.serviceContainer.ComponentManagerImpl.instantiateClassWithConstructorInjection(ComponentManagerImpl.kt:664)
at com.intellij.serviceContainer.ServiceComponentAdapter.createAndInitialize(ServiceComponentAdapter.kt:49)
at com.intellij.serviceContainer.ServiceComponentAdapter.doCreateInstance(ServiceComponentAdapter.kt:37)
at com.intellij.serviceContainer.BaseComponentAdapter.getInstanceUncached(BaseComponentAdapter.kt:113)
at com.intellij.serviceContainer.BaseComponentAdapter.getInstance(BaseComponentAdapter.kt:67)
at com.intellij.serviceContainer.BaseComponentAdapter.getInstance$default(BaseComponentAdapter.kt:60)
at com.intellij.serviceContainer.ComponentManagerImpl$preloadServices$future$1.run(ComponentManagerImpl.kt:821)
at java.base/java.util.concurrent.CompletableFuture$AsyncRun.run(CompletableFuture.java:1736)
... 11 more
Caused by: java.lang.reflect.InvocationTargetException
at java.base/jdk.internal.reflect.NativeConstructorAccessorImpl.newInstance0(Native Method)
at java.base/jdk.internal.reflect.NativeConstructorAccessorImpl.newInstance(NativeConstructorAccessorImpl.java:62)
at java.base/jdk.internal.reflect.DelegatingConstructorAccessorImpl.newInstance(DelegatingConstructorAccessorImpl.java:45)
at java.base/java.lang.reflect.Constructor.newInstance(Constructor.java:490)
at com.intellij.serviceContainer.ComponentManagerImpl.instantiateClass(ComponentManagerImpl.kt:615)
... 34 more
Caused by: java.lang.InternalError: java.lang.reflect.InvocationTargetException
at java.desktop/sun.font.FontManagerFactory$1.run(FontManagerFactory.java:86)
at java.base/java.security.AccessController.doPrivileged(Native Method)
at java.desktop/sun.font.FontManagerFactory.getInstance(FontManagerFactory.java:74)
at java.desktop/java.awt.Font.getFont2D(Font.java:497)
at java.desktop/java.awt.Font.getFamily(Font.java:1410)
at java.desktop/java.awt.Font.getFamily_NoClientCode(Font.java:1384)
at java.desktop/java.awt.Font.getFamily(Font.java:1376)
at com.intellij.openapi.editor.colors.FontPreferences.getFallbackName(FontPreferences.java:75)
at com.intellij.openapi.editor.colors.impl.FontPreferencesImpl.register(FontPreferencesImpl.java:125)
at com.intellij.openapi.editor.colors.impl.AppEditorFontOptions.<init>(AppEditorFontOptions.java:25)
at java.base/jdk.internal.reflect.NativeConstructorAccessorImpl.newInstance0(Native Method)
at java.base/jdk.internal.reflect.NativeConstructorAccessorImpl.newInstance(NativeConstructorAccessorImpl.java:62)
at java.base/jdk.internal.reflect.DelegatingConstructorAccessorImpl.newInstance(DelegatingConstructorAccessorImpl.java:45)
at java.base/java.lang.reflect.Constructor.newInstance(Constructor.java:490)
at com.intellij.serviceContainer.ConstructorInjectionKt.instantiateUsingPicoContainer(constructorInjection.kt:47)
at com.intellij.serviceContainer.ComponentManagerImpl.instantiateClassWithConstructorInjection(ComponentManagerImpl.kt:664)
at com.intellij.serviceContainer.ServiceComponentAdapter.createAndInitialize(ServiceComponentAdapter.kt:49)
at com.intellij.serviceContainer.ServiceComponentAdapter.doCreateInstance(ServiceComponentAdapter.kt:37)
at com.intellij.serviceContainer.BaseComponentAdapter.getInstanceUncached(BaseComponentAdapter.kt:113)
at com.intellij.serviceContainer.BaseComponentAdapter.getInstance(BaseComponentAdapter.kt:67)
at com.intellij.serviceContainer.ComponentManagerImpl.doGetService(ComponentManagerImpl.kt:413)
at com.intellij.serviceContainer.ComponentManagerImpl.getService(ComponentManagerImpl.kt:395)
at com.intellij.openapi.components.ServiceManager.getService(ServiceManager.java:20)
at com.intellij.openapi.editor.colors.impl.AppEditorFontOptions.getInstance(AppEditorFontOptions.java:64)
at com.intellij.openapi.editor.colors.impl.AbstractColorsScheme.lambda$new$0(AbstractColorsScheme.java:63)
at com.intellij.openapi.editor.colors.DelegatingFontPreferences.getEffectiveFontFamilies(DelegatingFontPreferences.java:33)
at com.intellij.openapi.editor.colors.DelegatingFontPreferences.getEffectiveFontFamilies(DelegatingFontPreferences.java:33)
at com.intellij.openapi.editor.colors.impl.AbstractColorsScheme.readScheme(AbstractColorsScheme.java:370)
at com.intellij.openapi.editor.colors.impl.AbstractColorsScheme.readExternal(AbstractColorsScheme.java:294)
at com.intellij.openapi.editor.colors.impl.DefaultColorsScheme.readExternal(DefaultColorsScheme.java:84)
at com.intellij.openapi.editor.colors.ex.DefaultColorSchemesManager.loadState(DefaultColorSchemesManager.java:73)
at com.intellij.openapi.editor.colors.ex.DefaultColorSchemesManager.reload(DefaultColorSchemesManager.java:48)
at com.intellij.openapi.editor.colors.ex.DefaultColorSchemesManager.<init>(DefaultColorSchemesManager.java:43)
... 39 more
Caused by: java.lang.reflect.InvocationTargetException
at java.base/jdk.internal.reflect.NativeConstructorAccessorImpl.newInstance0(Native Method)
at java.base/jdk.internal.reflect.NativeConstructorAccessorImpl.newInstance(NativeConstructorAccessorImpl.java:62)
at java.base/jdk.internal.reflect.DelegatingConstructorAccessorImpl.newInstance(DelegatingConstructorAccessorImpl.java:45)
at java.base/java.lang.reflect.Constructor.newInstance(Constructor.java:490)
at java.desktop/sun.font.FontManagerFactory$1.run(FontManagerFactory.java:84)
... 71 more
Caused by: java.lang.NullPointerException
at java.desktop/sun.awt.FontConfiguration.getVersion(FontConfiguration.java:1262)
at java.desktop/sun.awt.FontConfiguration.readFontConfigFile(FontConfiguration.java:225)
at java.desktop/sun.awt.FontConfiguration.init(FontConfiguration.java:107)
at java.desktop/sun.awt.X11FontManager.createFontConfiguration(X11FontManager.java:719)
at java.desktop/sun.font.SunFontManager$2.run(SunFontManager.java:484)
at java.base/java.security.AccessController.doPrivileged(Native Method)
at java.desktop/sun.font.SunFontManager.<init>(SunFontManager.java:430)
at java.desktop/sun.awt.FcFontManager.<init>(FcFontManager.java:35)
at java.desktop/sun.awt.X11FontManager.<init>(X11FontManager.java:56)
... 76 more
2021-07-06 04:07:38,781 [   1224]  ERROR - llij.ide.plugins.PluginManager - Android Studio 4.2.2  Build #AI-202.7660.26.42.7486908
2021-07-06 04:07:38,781 [   1224]  ERROR - llij.ide.plugins.PluginManager - JDK: 11.0.8; VM: OpenJDK 64-Bit Server VM; Vendor: N/A
2021-07-06 04:07:38,781 [   1224]  ERROR - llij.ide.plugins.PluginManager - OS: Linux

Start Failed: Internal error. Please refer to https://code.google.com/p/android/issues

java.util.concurrent.CompletionException: com.intellij.diagnostic.PluginException: Cannot create class com.intellij.openapi.editor.colors.ex.DefaultColorSchemesManager
at java.base/java.util.concurrent.CompletableFuture.encodeThrowable(CompletableFuture.java:314)
at java.base/java.util.concurrent.CompletableFuture.completeThrowable(CompletableFuture.java:319)
at java.base/java.util.concurrent.CompletableFuture$AsyncRun.run(CompletableFuture.java:1739)
at com.intellij.util.concurrency.BoundedTaskExecutor.doRun(BoundedTaskExecutor.java:215)
at com.intellij.util.concurrency.BoundedTaskExecutor.access$200(BoundedTaskExecutor.java:26)
at com.intellij.util.concurrency.BoundedTaskExecutor$1.execute(BoundedTaskExecutor.java:194)
at com.intellij.util.concurrency.BoundedTaskExecutor$1.run(BoundedTaskExecutor.java:186)
at java.base/java.util.concurrent.ThreadPoolExecutor.runWorker(ThreadPoolExecutor.java:1128)
at java.base/java.util.concurrent.ThreadPoolExecutor$Worker.run(ThreadPoolExecutor.java:628)
at java.base/java.util.concurrent.Executors$PrivilegedThreadFactory$1$1.run(Executors.java:668)
at java.base/java.util.concurrent.Executors$PrivilegedThreadFactory$1$1.run(Executors.java:665)
at java.base/java.security.AccessController.doPrivileged(Native Method)
at java.base/java.util.concurrent.Executors$PrivilegedThreadFactory$1.run(Executors.java:665)
at java.base/java.lang.Thread.run(Thread.java:834)
Caused by: com.intellij.diagnostic.PluginException: Cannot create class com.intellij.openapi.editor.colors.ex.DefaultColorSchemesManager
at com.intellij.ide.plugins.PluginManagerCore.createPluginException(PluginManagerCore.java:290)
at com.intellij.diagnostic.PluginProblemReporterImpl.createPluginExceptionByClass(PluginProblemReporterImpl.java:12)
at com.intellij.diagnostic.PluginException.createByClass(PluginException.java:58)
at com.intellij.serviceContainer.ComponentManagerImpl.instantiateClass(ComponentManagerImpl.kt:653)
at com.intellij.serviceContainer.ComponentManagerImpl.createLightService(ComponentManagerImpl.kt:597)
at com.intellij.serviceContainer.ComponentManagerImpl.getOrCreateLightService(ComponentManagerImpl.kt:492)
at com.intellij.serviceContainer.ComponentManagerImpl.getLightService$intellij_platform_serviceContainer(ComponentManagerImpl.kt:465)
at com.intellij.serviceContainer.ComponentManagerImpl.doGetService(ComponentManagerImpl.kt:402)
at com.intellij.serviceContainer.ComponentManagerImpl.getService(ComponentManagerImpl.kt:395)
at com.intellij.openapi.components.ServiceManager.getService(ServiceManager.java:20)
at com.intellij.openapi.editor.colors.ex.DefaultColorSchemesManager.getInstance(DefaultColorSchemesManager.java:39)
at com.intellij.openapi.editor.colors.impl.EditorColorsManagerImpl.initDefaultSchemes(EditorColorsManagerImpl.java:210)
at com.intellij.openapi.editor.colors.impl.EditorColorsManagerImpl.<init>(EditorColorsManagerImpl.java:173)
at com.intellij.openapi.editor.colors.impl.EditorColorsManagerImpl.<init>(EditorColorsManagerImpl.java:83)
at java.base/jdk.internal.reflect.NativeConstructorAccessorImpl.newInstance0(Native Method)
at java.base/jdk.internal.reflect.NativeConstructorAccessorImpl.newInstance(NativeConstructorAccessorImpl.java:62)
at java.base/jdk.internal.reflect.DelegatingConstructorAccessorImpl.newInstance(DelegatingConstructorAccessorImpl.java:45)
at java.base/java.lang.reflect.Constructor.newInstance(Constructor.java:490)
at com.intellij.serviceContainer.ConstructorInjectionKt.instantiateUsingPicoContainer(constructorInjection.kt:47)
at com.intellij.serviceContainer.ComponentManagerImpl.instantiateClassWithConstructorInjection(ComponentManagerImpl.kt:664)
at com.intellij.serviceContainer.ServiceComponentAdapter.createAndInitialize(ServiceComponentAdapter.kt:49)
at com.intellij.serviceContainer.ServiceComponentAdapter.doCreateInstance(ServiceComponentAdapter.kt:37)
at com.intellij.serviceContainer.BaseComponentAdapter.getInstanceUncached(BaseComponentAdapter.kt:113)
at com.intellij.serviceContainer.BaseComponentAdapter.getInstance(BaseComponentAdapter.kt:67)
at com.intellij.serviceContainer.BaseComponentAdapter.getInstance$default(BaseComponentAdapter.kt:60)
at com.intellij.serviceContainer.ComponentManagerImpl$preloadServices$future$1.run(ComponentManagerImpl.kt:821)
at java.base/java.util.concurrent.CompletableFuture$AsyncRun.run(CompletableFuture.java:1736)
... 11 more
Caused by: java.lang.reflect.InvocationTargetException
at java.base/jdk.internal.reflect.NativeConstructorAccessorImpl.newInstance0(Native Method)
at java.base/jdk.internal.reflect.NativeConstructorAccessorImpl.newInstance(NativeConstructorAccessorImpl.java:62)
at java.base/jdk.internal.reflect.DelegatingConstructorAccessorImpl.newInstance(DelegatingConstructorAccessorImpl.java:45)
at java.base/java.lang.reflect.Constructor.newInstance(Constructor.java:490)
at com.intellij.serviceContainer.ComponentManagerImpl.instantiateClass(ComponentManagerImpl.kt:615)
... 34 more
Caused by: java.lang.InternalError: java.lang.reflect.InvocationTargetException
at java.desktop/sun.font.FontManagerFactory$1.run(FontManagerFactory.java:86)
at java.base/java.security.AccessController.doPrivileged(Native Method)
at java.desktop/sun.font.FontManagerFactory.getInstance(FontManagerFactory.java:74)
at java.desktop/java.awt.Font.getFont2D(Font.java:497)
at java.desktop/java.awt.Font.getFamily(Font.java:1410)
at java.desktop/java.awt.Font.getFamily_NoClientCode(Font.java:1384)
at java.desktop/java.awt.Font.getFamily(Font.java:1376)
at com.intellij.openapi.editor.colors.FontPreferences.getFallbackName(FontPreferences.java:75)
at com.intellij.openapi.editor.colors.impl.FontPreferencesImpl.register(FontPreferencesImpl.java:125)
at com.intellij.openapi.editor.colors.impl.AppEditorFontOptions.<init>(AppEditorFontOptions.java:25)
at java.base/jdk.internal.reflect.NativeConstructorAccessorImpl.newInstance0(Native Method)
at java.base/jdk.internal.reflect.NativeConstructorAccessorImpl.newInstance(NativeConstructorAccessorImpl.java:62)
at java.base/jdk.internal.reflect.DelegatingConstructorAccessorImpl.newInstance(DelegatingConstructorAccessorImpl.java:45)
at java.base/java.lang.reflect.Constructor.newInstance(Constructor.java:490)
at com.intellij.serviceContainer.ConstructorInjectionKt.instantiateUsingPicoContainer(constructorInjection.kt:47)
at com.intellij.serviceContainer.ComponentManagerImpl.instantiateClassWithConstructorInjection(ComponentManagerImpl.kt:664)
at com.intellij.serviceContainer.ServiceComponentAdapter.createAndInitialize(ServiceComponentAdapter.kt:49)
at com.intellij.serviceContainer.ServiceComponentAdapter.doCreateInstance(ServiceComponentAdapter.kt:37)
at com.intellij.serviceContainer.BaseComponentAdapter.getInstanceUncached(BaseComponentAdapter.kt:113)
at com.intellij.serviceContainer.BaseComponentAdapter.getInstance(BaseComponentAdapter.kt:67)
at com.intellij.serviceContainer.ComponentManagerImpl.doGetService(ComponentManagerImpl.kt:413)
at com.intellij.serviceContainer.ComponentManagerImpl.getService(ComponentManagerImpl.kt:395)
at com.intellij.openapi.components.ServiceManager.getService(ServiceManager.java:20)
at com.intellij.openapi.editor.colors.impl.AppEditorFontOptions.getInstance(AppEditorFontOptions.java:64)
at com.intellij.openapi.editor.colors.impl.AbstractColorsScheme.lambda$new$0(AbstractColorsScheme.java:63)
at com.intellij.openapi.editor.colors.DelegatingFontPreferences.getEffectiveFontFamilies(DelegatingFontPreferences.java:33)
at com.intellij.openapi.editor.colors.DelegatingFontPreferences.getEffectiveFontFamilies(DelegatingFontPreferences.java:33)
at com.intellij.openapi.editor.colors.impl.AbstractColorsScheme.readScheme(AbstractColorsScheme.java:370)
at com.intellij.openapi.editor.colors.impl.AbstractColorsScheme.readExternal(AbstractColorsScheme.java:294)
at com.intellij.openapi.editor.colors.impl.DefaultColorsScheme.readExternal(DefaultColorsScheme.java:84)
at com.intellij.openapi.editor.colors.ex.DefaultColorSchemesManager.loadState(DefaultColorSchemesManager.java:73)
at com.intellij.openapi.editor.colors.ex.DefaultColorSchemesManager.reload(DefaultColorSchemesManager.java:48)
at com.intellij.openapi.editor.colors.ex.DefaultColorSchemesManager.<init>(DefaultColorSchemesManager.java:43)
... 39 more
Caused by: java.lang.reflect.InvocationTargetException
at java.base/jdk.internal.reflect.NativeConstructorAccessorImpl.newInstance0(Native Method)
at java.base/jdk.internal.reflect.NativeConstructorAccessorImpl.newInstance(NativeConstructorAccessorImpl.java:62)
at java.base/jdk.internal.reflect.DelegatingConstructorAccessorImpl.newInstance(DelegatingConstructorAccessorImpl.java:45)
at java.base/java.lang.reflect.Constructor.newInstance(Constructor.java:490)
at java.desktop/sun.font.FontManagerFactory$1.run(FontManagerFactory.java:84)
... 71 more
Caused by: java.lang.NullPointerException
at java.desktop/sun.awt.FontConfiguration.getVersion(FontConfiguration.java:1262)
at java.desktop/sun.awt.FontConfiguration.readFontConfigFile(FontConfiguration.java:225)
at java.desktop/sun.awt.FontConfiguration.init(FontConfiguration.java:107)
at java.desktop/sun.awt.X11FontManager.createFontConfiguration(X11FontManager.java:719)
at java.desktop/sun.font.SunFontManager$2.run(SunFontManager.java:484)
at java.base/java.security.AccessController.doPrivileged(Native Method)
at java.desktop/sun.font.SunFontManager.<init>(SunFontManager.java:430)
at java.desktop/sun.awt.FcFontManager.<init>(FcFontManager.java:35)
at java.desktop/sun.awt.X11FontManager.<init>(X11FontManager.java:56)
... 76 more

-----
JRE 11.0.8+0-b944-P17168821 amd64 by N/A
/home/android/studio/jre
2021-07-06 04:07:38,828 [   1271]  ERROR - llij.ide.plugins.PluginManager - com.intellij.diagnostic.PluginException: Fatal error initializing 'com.intellij.ide.ui.LafManager' [Plugin: com.intellij]
java.util.concurrent.CompletionException: com.intellij.diagnostic.PluginException: Fatal error initializing 'com.intellij.ide.ui.LafManager' [Plugin: com.intellij]
at java.base/java.util.concurrent.CompletableFuture.encodeThrowable(CompletableFuture.java:314)
at java.base/java.util.concurrent.CompletableFuture.completeThrowable(CompletableFuture.java:319)
at java.base/java.util.concurrent.CompletableFuture$AsyncRun.run(CompletableFuture.java:1739)
at com.intellij.openapi.application.TransactionGuardImpl$2.run(TransactionGuardImpl.java:201)
at com.intellij.openapi.application.impl.ApplicationImpl.runIntendedWriteActionOnCurrentThread(ApplicationImpl.java:808)
at com.intellij.openapi.application.impl.ApplicationImpl.lambda$invokeLater$4(ApplicationImpl.java:328)
at com.intellij.openapi.application.impl.FlushQueue.doRun(FlushQueue.java:84)
at com.intellij.openapi.application.impl.FlushQueue.runNextEvent(FlushQueue.java:132)
at com.intellij.openapi.application.impl.FlushQueue.flushNow(FlushQueue.java:47)
at com.intellij.openapi.application.impl.FlushQueue$FlushNow.run(FlushQueue.java:188)
at java.desktop/java.awt.event.InvocationEvent.dispatch(InvocationEvent.java:313)
at java.desktop/java.awt.EventQueue.dispatchEventImpl(EventQueue.java:776)
at java.desktop/java.awt.EventQueue$4.run(EventQueue.java:727)
at java.desktop/java.awt.EventQueue$4.run(EventQueue.java:721)
at java.base/java.security.AccessController.doPrivileged(Native Method)
at java.base/java.security.ProtectionDomain$JavaSecurityAccessImpl.doIntersectionPrivilege(ProtectionDomain.java:85)
at java.desktop/java.awt.EventQueue.dispatchEvent(EventQueue.java:746)
at com.intellij.ide.IdeEventQueue.dispatchEvent(IdeEventQueue.java:419)
at java.desktop/java.awt.EventDispatchThread.pumpOneEventForFilters(EventDispatchThread.java:203)
at java.desktop/java.awt.EventDispatchThread.pumpEventsForFilter(EventDispatchThread.java:124)
at java.desktop/java.awt.EventDispatchThread.pumpEventsForHierarchy(EventDispatchThread.java:113)
at java.desktop/java.awt.EventDispatchThread.pumpEvents(EventDispatchThread.java:109)
at java.desktop/java.awt.EventDispatchThread.pumpEvents(EventDispatchThread.java:101)
at java.desktop/java.awt.EventDispatchThread.run(EventDispatchThread.java:90)
Caused by: com.intellij.diagnostic.PluginException: Fatal error initializing 'com.intellij.ide.ui.LafManager' [Plugin: com.intellij]
at com.intellij.serviceContainer.ComponentManagerImpl.handleInitComponentError$intellij_platform_serviceContainer(ComponentManagerImpl.kt:347)
at com.intellij.serviceContainer.MyComponentAdapter.doCreateInstance(MyComponentAdapter.kt:60)
at com.intellij.serviceContainer.BaseComponentAdapter.getInstanceUncached(BaseComponentAdapter.kt:113)
at com.intellij.serviceContainer.BaseComponentAdapter.getInstance(BaseComponentAdapter.kt:67)
at com.intellij.serviceContainer.BaseComponentAdapter.getInstance$default(BaseComponentAdapter.kt:60)
at com.intellij.serviceContainer.ComponentManagerImpl.createComponents(ComponentManagerImpl.kt:260)
at com.intellij.openapi.application.impl.ApplicationImpl.lambda$loadComponents$5(ApplicationImpl.java:352)
at com.intellij.openapi.progress.impl.CoreProgressManager.lambda$runProcess$2(CoreProgressManager.java:170)
at com.intellij.openapi.progress.impl.CoreProgressManager.registerIndicatorAndRun(CoreProgressManager.java:629)
at com.intellij.openapi.progress.impl.CoreProgressManager.executeProcessUnderProgress(CoreProgressManager.java:581)
at com.intellij.openapi.progress.impl.ProgressManagerImpl.executeProcessUnderProgress(ProgressManagerImpl.java:60)
at com.intellij.openapi.progress.impl.CoreProgressManager.runProcess(CoreProgressManager.java:157)
at com.intellij.openapi.application.impl.ApplicationImpl.loadComponents(ApplicationImpl.java:352)
at com.intellij.idea.ApplicationLoader$startApp$6$loadComponentInEdtFuture$1.run(ApplicationLoader.kt:193)
at java.base/java.util.concurrent.CompletableFuture$AsyncRun.run(CompletableFuture.java:1736)
... 21 more
Caused by: java.lang.InternalError: java.lang.reflect.InvocationTargetException
at java.desktop/sun.font.FontManagerFactory$1.run(FontManagerFactory.java:86)
at java.base/java.security.AccessController.doPrivileged(Native Method)
at java.desktop/sun.font.FontManagerFactory.getInstance(FontManagerFactory.java:74)
at java.desktop/java.awt.Font.getFont2D(Font.java:497)
at java.desktop/java.awt.Font$FontAccessImpl.getFont2D(Font.java:237)
at java.desktop/sun.font.FontUtilities.getFont2D(FontUtilities.java:145)
at java.desktop/sun.font.FontUtilities.fontSupportsDefaultEncoding(FontUtilities.java:328)
at java.desktop/javax.swing.text.StyleContext.getFont(StyleContext.java:267)
at com.intellij.util.ui.UIUtil.getFontWithFallback(UIUtil.java:2160)
at com.intellij.ide.ui.laf.IdeaLaf.initComponentDefaults(IdeaLaf.java:32)
at java.desktop/javax.swing.plaf.basic.BasicLookAndFeel.getDefaults(BasicLookAndFeel.java:150)
at java.desktop/javax.swing.plaf.metal.MetalLookAndFeel.getDefaults(MetalLookAndFeel.java:1560)
at com.intellij.ide.ui.laf.darcula.DarculaLaf.getDefaults(DarculaLaf.java:120)
at java.desktop/javax.swing.UIManager.setLookAndFeel(UIManager.java:592)
at com.intellij.ide.ui.laf.LafManagerImpl.setLookAndFeelImpl(LafManagerImpl.java:486)
at com.intellij.ide.ui.laf.LafManagerImpl.setCurrentLookAndFeel(LafManagerImpl.java:414)
at com.intellij.ide.ui.LafManager.setCurrentLookAndFeel(LafManager.java:34)
at com.intellij.ide.ui.laf.LafManagerImpl.initializeComponent(LafManagerImpl.java:222)
at com.intellij.configurationStore.ComponentStoreImpl.initComponent(ComponentStoreImpl.kt:103)
at com.intellij.configurationStore.ComponentStoreWithExtraComponents.initComponent(ComponentStoreWithExtraComponents.kt:63)
at com.intellij.serviceContainer.ComponentManagerImpl.initializeComponent$intellij_platform_serviceContainer(ComponentManagerImpl.kt:357)
at com.intellij.serviceContainer.MyComponentAdapter.doCreateInstance(MyComponentAdapter.kt:40)
... 34 more
Caused by: java.lang.reflect.InvocationTargetException
at java.base/jdk.internal.reflect.NativeConstructorAccessorImpl.newInstance0(Native Method)
at java.base/jdk.internal.reflect.NativeConstructorAccessorImpl.newInstance(NativeConstructorAccessorImpl.java:62)
at java.base/jdk.internal.reflect.DelegatingConstructorAccessorImpl.newInstance(DelegatingConstructorAccessorImpl.java:45)
at java.base/java.lang.reflect.Constructor.newInstance(Constructor.java:490)
at java.desktop/sun.font.FontManagerFactory$1.run(FontManagerFactory.java:84)
... 55 more
Caused by: java.lang.NullPointerException
at java.desktop/sun.awt.FontConfiguration.getVersion(FontConfiguration.java:1262)
at java.desktop/sun.awt.FontConfiguration.readFontConfigFile(FontConfiguration.java:225)
at java.desktop/sun.awt.FontConfiguration.init(FontConfiguration.java:107)
at java.desktop/sun.awt.X11FontManager.createFontConfiguration(X11FontManager.java:719)
at java.desktop/sun.font.SunFontManager$2.run(SunFontManager.java:484)
at java.base/java.security.AccessController.doPrivileged(Native Method)
at java.desktop/sun.font.SunFontManager.<init>(SunFontManager.java:430)
at java.desktop/sun.awt.FcFontManager.<init>(FcFontManager.java:35)
at java.desktop/sun.awt.X11FontManager.<init>(X11FontManager.java:56)
... 60 more
2021-07-06 04:07:38,830 [   1273]  ERROR - llij.ide.plugins.PluginManager - Android Studio 4.2.2  Build #AI-202.7660.26.42.7486908
2021-07-06 04:07:38,830 [   1273]  ERROR - llij.ide.plugins.PluginManager - JDK: 11.0.8; VM: OpenJDK 64-Bit Server VM; Vendor: N/A
2021-07-06 04:07:38,830 [   1273]  ERROR - llij.ide.plugins.PluginManager - OS: Linux

Start Failed: Internal error. Please refer to https://code.google.com/p/android/issues

java.util.concurrent.CompletionException: com.intellij.diagnostic.PluginException: Fatal error initializing 'com.intellij.ide.ui.LafManager' [Plugin: com.intellij]
at java.base/java.util.concurrent.CompletableFuture.encodeThrowable(CompletableFuture.java:314)
at java.base/java.util.concurrent.CompletableFuture.completeThrowable(CompletableFuture.java:319)
at java.base/java.util.concurrent.CompletableFuture$AsyncRun.run(CompletableFuture.java:1739)
at com.intellij.openapi.application.TransactionGuardImpl$2.run(TransactionGuardImpl.java:201)
at com.intellij.openapi.application.impl.ApplicationImpl.runIntendedWriteActionOnCurrentThread(ApplicationImpl.java:808)
at com.intellij.openapi.application.impl.ApplicationImpl.lambda$invokeLater$4(ApplicationImpl.java:328)
at com.intellij.openapi.application.impl.FlushQueue.doRun(FlushQueue.java:84)
at com.intellij.openapi.application.impl.FlushQueue.runNextEvent(FlushQueue.java:132)
at com.intellij.openapi.application.impl.FlushQueue.flushNow(FlushQueue.java:47)
at com.intellij.openapi.application.impl.FlushQueue$FlushNow.run(FlushQueue.java:188)
at java.desktop/java.awt.event.InvocationEvent.dispatch(InvocationEvent.java:313)
at java.desktop/java.awt.EventQueue.dispatchEventImpl(EventQueue.java:776)
at java.desktop/java.awt.EventQueue$4.run(EventQueue.java:727)
at java.desktop/java.awt.EventQueue$4.run(EventQueue.java:721)
at java.base/java.security.AccessController.doPrivileged(Native Method)
at java.base/java.security.ProtectionDomain$JavaSecurityAccessImpl.doIntersectionPrivilege(ProtectionDomain.java:85)
at java.desktop/java.awt.EventQueue.dispatchEvent(EventQueue.java:746)
at com.intellij.ide.IdeEventQueue.dispatchEvent(IdeEventQueue.java:419)
at java.desktop/java.awt.EventDispatchThread.pumpOneEventForFilters(EventDispatchThread.java:203)
at java.desktop/java.awt.EventDispatchThread.pumpEventsForFilter(EventDispatchThread.java:124)
at java.desktop/java.awt.EventDispatchThread.pumpEventsForHierarchy(EventDispatchThread.java:113)
at java.desktop/java.awt.EventDispatchThread.pumpEvents(EventDispatchThread.java:109)
at java.desktop/java.awt.EventDispatchThread.pumpEvents(EventDispatchThread.java:101)
at java.desktop/java.awt.EventDispatchThread.run(EventDispatchThread.java:90)
Caused by: com.intellij.diagnostic.PluginException: Fatal error initializing 'com.intellij.ide.ui.LafManager' [Plugin: com.intellij]
at com.intellij.serviceContainer.ComponentManagerImpl.handleInitComponentError$intellij_platform_serviceContainer(ComponentManagerImpl.kt:347)
at com.intellij.serviceContainer.MyComponentAdapter.doCreateInstance(MyComponentAdapter.kt:60)
at com.intellij.serviceContainer.BaseComponentAdapter.getInstanceUncached(BaseComponentAdapter.kt:113)
at com.intellij.serviceContainer.BaseComponentAdapter.getInstance(BaseComponentAdapter.kt:67)
at com.intellij.serviceContainer.BaseComponentAdapter.getInstance$default(BaseComponentAdapter.kt:60)
at com.intellij.serviceContainer.ComponentManagerImpl.createComponents(ComponentManagerImpl.kt:260)
at com.intellij.openapi.application.impl.ApplicationImpl.lambda$loadComponents$5(ApplicationImpl.java:352)
at com.intellij.openapi.progress.impl.CoreProgressManager.lambda$runProcess$2(CoreProgressManager.java:170)
at com.intellij.openapi.progress.impl.CoreProgressManager.registerIndicatorAndRun(CoreProgressManager.java:629)
at com.intellij.openapi.progress.impl.CoreProgressManager.executeProcessUnderProgress(CoreProgressManager.java:581)
at com.intellij.openapi.progress.impl.ProgressManagerImpl.executeProcessUnderProgress(ProgressManagerImpl.java:60)
at com.intellij.openapi.progress.impl.CoreProgressManager.runProcess(CoreProgressManager.java:157)
at com.intellij.openapi.application.impl.ApplicationImpl.loadComponents(ApplicationImpl.java:352)
at com.intellij.idea.ApplicationLoader$startApp$6$loadComponentInEdtFuture$1.run(ApplicationLoader.kt:193)
at java.base/java.util.concurrent.CompletableFuture$AsyncRun.run(CompletableFuture.java:1736)
... 21 more
Caused by: java.lang.InternalError: java.lang.reflect.InvocationTargetException
at java.desktop/sun.font.FontManagerFactory$1.run(FontManagerFactory.java:86)
at java.base/java.security.AccessController.doPrivileged(Native Method)
at java.desktop/sun.font.FontManagerFactory.getInstance(FontManagerFactory.java:74)
at java.desktop/java.awt.Font.getFont2D(Font.java:497)
at java.desktop/java.awt.Font$FontAccessImpl.getFont2D(Font.java:237)
at java.desktop/sun.font.FontUtilities.getFont2D(FontUtilities.java:145)
at java.desktop/sun.font.FontUtilities.fontSupportsDefaultEncoding(FontUtilities.java:328)
at java.desktop/javax.swing.text.StyleContext.getFont(StyleContext.java:267)
at com.intellij.util.ui.UIUtil.getFontWithFallback(UIUtil.java:2160)
at com.intellij.ide.ui.laf.IdeaLaf.initComponentDefaults(IdeaLaf.java:32)
at java.desktop/javax.swing.plaf.basic.BasicLookAndFeel.getDefaults(BasicLookAndFeel.java:150)
at java.desktop/javax.swing.plaf.metal.MetalLookAndFeel.getDefaults(MetalLookAndFeel.java:1560)
at com.intellij.ide.ui.laf.darcula.DarculaLaf.getDefaults(DarculaLaf.java:120)
at java.desktop/javax.swing.UIManager.setLookAndFeel(UIManager.java:592)
at com.intellij.ide.ui.laf.LafManagerImpl.setLookAndFeelImpl(LafManagerImpl.java:486)
at com.intellij.ide.ui.laf.LafManagerImpl.setCurrentLookAndFeel(LafManagerImpl.java:414)
at com.intellij.ide.ui.LafManager.setCurrentLookAndFeel(LafManager.java:34)
at com.intellij.ide.ui.laf.LafManagerImpl.initializeComponent(LafManagerImpl.java:222)
at com.intellij.configurationStore.ComponentStoreImpl.initComponent(ComponentStoreImpl.kt:103)
at com.intellij.configurationStore.ComponentStoreWithExtraComponents.initComponent(ComponentStoreWithExtraComponents.kt:63)
at com.intellij.serviceContainer.ComponentManagerImpl.initializeComponent$intellij_platform_serviceContainer(ComponentManagerImpl.kt:357)
at com.intellij.serviceContainer.MyComponentAdapter.doCreateInstance(MyComponentAdapter.kt:40)
... 34 more
Caused by: java.lang.reflect.InvocationTargetException
at java.base/jdk.internal.reflect.NativeConstructorAccessorImpl.newInstance0(Native Method)
at java.base/jdk.internal.reflect.NativeConstructorAccessorImpl.newInstance(NativeConstructorAccessorImpl.java:62)
at java.base/jdk.internal.reflect.DelegatingConstructorAccessorImpl.newInstance(DelegatingConstructorAccessorImpl.java:45)
at java.base/java.lang.reflect.Constructor.newInstance(Constructor.java:490)
at java.desktop/sun.font.FontManagerFactory$1.run(FontManagerFactory.java:84)
... 55 more
Caused by: java.lang.NullPointerException
at java.desktop/sun.awt.FontConfiguration.getVersion(FontConfiguration.java:1262)
at java.desktop/sun.awt.FontConfiguration.readFontConfigFile(FontConfiguration.java:225)
at java.desktop/sun.awt.FontConfiguration.init(FontConfiguration.java:107)
at java.desktop/sun.awt.X11FontManager.createFontConfiguration(X11FontManager.java:719)
at java.desktop/sun.font.SunFontManager$2.run(SunFontManager.java:484)
at java.base/java.security.AccessController.doPrivileged(Native Method)
at java.desktop/sun.font.SunFontManager.<init>(SunFontManager.java:430)
at java.desktop/sun.awt.FcFontManager.<init>(FcFontManager.java:35)
at java.desktop/sun.awt.X11FontManager.<init>(X11FontManager.java:56)
... 60 more

-----
JRE 11.0.8+0-b944-P17168821 amd64 by N/A
/home/android/studio/jre

Also, a UI exception occurred on an attempt to show the above message:
java.lang.InternalError: java.lang.reflect.InvocationTargetException
at java.desktop/sun.font.FontManagerFactory$1.run(FontManagerFactory.java:86)
at java.base/java.security.AccessController.doPrivileged(Native Method)
at java.desktop/sun.font.FontManagerFactory.getInstance(FontManagerFactory.java:74)
at java.desktop/java.awt.Font.getFont2D(Font.java:497)
at java.desktop/java.awt.Font.getFamily(Font.java:1410)
at java.desktop/java.awt.Font.getFamily_NoClientCode(Font.java:1384)
at java.desktop/java.awt.Font.getFamily(Font.java:1376)
at java.desktop/javax.swing.text.StyleContext.getFont(StyleContext.java:260)
at java.desktop/javax.swing.text.StyleContext.getFont(StyleContext.java:208)
at java.desktop/javax.swing.text.DefaultStyledDocument.getFont(DefaultStyledDocument.java:946)
at java.desktop/javax.swing.text.LabelView.setPropertiesFromAttributes(LabelView.java:145)
at java.desktop/javax.swing.text.LabelView.sync(LabelView.java:56)
at java.desktop/javax.swing.text.LabelView.getFont(LabelView.java:209)
at java.desktop/javax.swing.text.GlyphPainter1.sync(GlyphPainter1.java:237)
at java.desktop/javax.swing.text.GlyphPainter1.getSpan(GlyphPainter1.java:62)
at java.desktop/javax.swing.text.GlyphView.getPreferredSpan(GlyphView.java:585)
at java.desktop/javax.swing.text.FlowView$LogicalView.getPreferredSpan(FlowView.java:757)
at java.desktop/javax.swing.text.FlowView.calculateMinorAxisRequirements(FlowView.java:241)
at java.desktop/javax.swing.text.ParagraphView.calculateMinorAxisRequirements(ParagraphView.java:710)
at java.desktop/javax.swing.text.BoxView.checkRequests(BoxView.java:936)
at java.desktop/javax.swing.text.BoxView.getMinimumSpan(BoxView.java:569)
at java.desktop/javax.swing.text.BoxView.calculateMinorAxisRequirements(BoxView.java:904)
at java.desktop/javax.swing.text.BoxView.checkRequests(BoxView.java:936)
at java.desktop/javax.swing.text.BoxView.setSpanOnAxis(BoxView.java:344)
at java.desktop/javax.swing.text.BoxView.layout(BoxView.java:709)
at java.desktop/javax.swing.text.BoxView.setSize(BoxView.java:398)
at java.desktop/javax.swing.plaf.basic.BasicTextUI$RootView.setSize(BasicTextUI.java:1812)
at java.desktop/javax.swing.plaf.basic.BasicTextUI.getPreferredSize(BasicTextUI.java:947)
at java.desktop/javax.swing.JComponent.getPreferredSize(JComponent.java:1683)
at java.desktop/javax.swing.JEditorPane.getPreferredSize(JEditorPane.java:1345)
at java.desktop/javax.swing.text.JTextComponent.getPreferredScrollableViewportSize(JTextComponent.java:1999)
at java.desktop/javax.swing.ViewportLayout.preferredLayoutSize(ViewportLayout.java:95)
at java.desktop/java.awt.Container.preferredSize(Container.java:1823)
at java.desktop/java.awt.Container.getPreferredSize(Container.java:1807)
at java.desktop/javax.swing.JComponent.getPreferredSize(JComponent.java:1685)
at java.desktop/javax.swing.ScrollPaneLayout.preferredLayoutSize(ScrollPaneLayout.java:496)
at java.desktop/java.awt.Container.preferredSize(Container.java:1823)
at java.desktop/java.awt.Container.getPreferredSize(Container.java:1807)
at java.desktop/javax.swing.JComponent.getPreferredSize(JComponent.java:1685)
at com.intellij.idea.Main.showMessage(Main.java:259)
at com.intellij.idea.Main.showMessage(Main.java:224)
at com.intellij.ide.plugins.StartupAbortedException.logAndExit(StartupAbortedException.java:83)
at com.intellij.ide.plugins.StartupAbortedException.processException(StartupAbortedException.java:33)
at com.intellij.idea.ApplicationLoader$startApp$9.apply(ApplicationLoader.kt:243)
at com.intellij.idea.ApplicationLoader$startApp$9.apply(ApplicationLoader.kt)
at java.base/java.util.concurrent.CompletableFuture.uniExceptionally(CompletableFuture.java:986)
at java.base/java.util.concurrent.CompletableFuture$UniExceptionally.tryFire(CompletableFuture.java:970)
at java.base/java.util.concurrent.CompletableFuture.postComplete(CompletableFuture.java:506)
at java.base/java.util.concurrent.CompletableFuture$AsyncRun.run(CompletableFuture.java:1742)
at com.intellij.openapi.application.TransactionGuardImpl$2.run(TransactionGuardImpl.java:201)
at com.intellij.openapi.application.impl.ApplicationImpl.runIntendedWriteActionOnCurrentThread(ApplicationImpl.java:808)
at com.intellij.openapi.application.impl.ApplicationImpl.lambda$invokeLater$4(ApplicationImpl.java:328)
at com.intellij.openapi.application.impl.FlushQueue.doRun(FlushQueue.java:84)
at com.intellij.openapi.application.impl.FlushQueue.runNextEvent(FlushQueue.java:132)
at com.intellij.openapi.application.impl.FlushQueue.flushNow(FlushQueue.java:47)
at com.intellij.openapi.application.impl.FlushQueue$FlushNow.run(FlushQueue.java:188)
at java.desktop/java.awt.event.InvocationEvent.dispatch(InvocationEvent.java:313)
at java.desktop/java.awt.EventQueue.dispatchEventImpl(EventQueue.java:776)
at java.desktop/java.awt.EventQueue$4.run(EventQueue.java:727)
at java.desktop/java.awt.EventQueue$4.run(EventQueue.java:721)
at java.base/java.security.AccessController.doPrivileged(Native Method)
at java.base/java.security.ProtectionDomain$JavaSecurityAccessImpl.doIntersectionPrivilege(ProtectionDomain.java:85)
at java.desktop/java.awt.EventQueue.dispatchEvent(EventQueue.java:746)
at com.intellij.ide.IdeEventQueue.dispatchEvent(IdeEventQueue.java:419)
at java.desktop/java.awt.EventDispatchThread.pumpOneEventForFilters(EventDispatchThread.java:203)
at java.desktop/java.awt.EventDispatchThread.pumpEventsForFilter(EventDispatchThread.java:124)
at java.desktop/java.awt.EventDispatchThread.pumpEventsForHierarchy(EventDispatchThread.java:113)
at java.desktop/java.awt.EventDispatchThread.pumpEvents(EventDispatchThread.java:109)
at java.desktop/java.awt.EventDispatchThread.pumpEvents(EventDispatchThread.java:101)
at java.desktop/java.awt.EventDispatchThread.run(EventDispatchThread.java:90)
Caused by: java.lang.reflect.InvocationTargetException
at java.base/jdk.internal.reflect.NativeConstructorAccessorImpl.newInstance0(Native Method)
at java.base/jdk.internal.reflect.NativeConstructorAccessorImpl.newInstance(NativeConstructorAccessorImpl.java:62)
at java.base/jdk.internal.reflect.DelegatingConstructorAccessorImpl.newInstance(DelegatingConstructorAccessorImpl.java:45)
at java.base/java.lang.reflect.Constructor.newInstance(Constructor.java:490)
at java.desktop/sun.font.FontManagerFactory$1.run(FontManagerFactory.java:84)
... 69 more
Caused by: java.lang.NullPointerException
at java.desktop/sun.awt.FontConfiguration.getVersion(FontConfiguration.java:1262)
at java.desktop/sun.awt.FontConfiguration.readFontConfigFile(FontConfiguration.java:225)
at java.desktop/sun.awt.FontConfiguration.init(FontConfiguration.java:107)
at java.desktop/sun.awt.X11FontManager.createFontConfiguration(X11FontManager.java:719)
at java.desktop/sun.font.SunFontManager$2.run(SunFontManager.java:484)
at java.base/java.security.AccessController.doPrivileged(Native Method)
at java.desktop/sun.font.SunFontManager.<init>(SunFontManager.java:430)
at java.desktop/sun.awt.FcFontManager.<init>(FcFontManager.java:35)
at java.desktop/sun.awt.X11FontManager.<init>(X11FontManager.java:56)
... 74 more

Also, a UI exception occurred on an attempt to show the above message:
java.lang.InternalError: java.lang.reflect.InvocationTargetException
at java.desktop/sun.font.FontManagerFactory$1.run(FontManagerFactory.java:86)
at java.base/java.security.AccessController.doPrivileged(Native Method)
at java.desktop/sun.font.FontManagerFactory.getInstance(FontManagerFactory.java:74)
at java.desktop/java.awt.Font.getFont2D(Font.java:497)
at java.desktop/java.awt.Font.getFamily(Font.java:1410)
at java.desktop/java.awt.Font.getFamily_NoClientCode(Font.java:1384)
at java.desktop/java.awt.Font.getFamily(Font.java:1376)
at java.desktop/javax.swing.text.StyleContext.getFont(StyleContext.java:260)
at java.desktop/javax.swing.text.StyleContext.getFont(StyleContext.java:208)
at java.desktop/javax.swing.text.DefaultStyledDocument.getFont(DefaultStyledDocument.java:946)
at java.desktop/javax.swing.text.LabelView.setPropertiesFromAttributes(LabelView.java:145)
at java.desktop/javax.swing.text.LabelView.sync(LabelView.java:56)
at java.desktop/javax.swing.text.LabelView.getFont(LabelView.java:209)
at java.desktop/javax.swing.text.GlyphPainter1.sync(GlyphPainter1.java:237)
at java.desktop/javax.swing.text.GlyphPainter1.getSpan(GlyphPainter1.java:62)
at java.desktop/javax.swing.text.GlyphView.getPreferredSpan(GlyphView.java:585)
at java.desktop/javax.swing.text.FlowView$LogicalView.getPreferredSpan(FlowView.java:757)
at java.desktop/javax.swing.text.FlowView.calculateMinorAxisRequirements(FlowView.java:241)
at java.desktop/javax.swing.text.ParagraphView.calculateMinorAxisRequirements(ParagraphView.java:710)
at java.desktop/javax.swing.text.BoxView.checkRequests(BoxView.java:936)
at java.desktop/javax.swing.text.BoxView.getMinimumSpan(BoxView.java:569)
at java.desktop/javax.swing.text.BoxView.calculateMinorAxisRequirements(BoxView.java:904)
at java.desktop/javax.swing.text.BoxView.checkRequests(BoxView.java:936)
at java.desktop/javax.swing.text.BoxView.setSpanOnAxis(BoxView.java:344)
at java.desktop/javax.swing.text.BoxView.layout(BoxView.java:709)
at java.desktop/javax.swing.text.BoxView.setSize(BoxView.java:398)
at java.desktop/javax.swing.plaf.basic.BasicTextUI$RootView.setSize(BasicTextUI.java:1812)
at java.desktop/javax.swing.plaf.basic.BasicTextUI.getPreferredSize(BasicTextUI.java:947)
at java.desktop/javax.swing.JComponent.getPreferredSize(JComponent.java:1683)
at java.desktop/javax.swing.JEditorPane.getPreferredSize(JEditorPane.java:1345)
at java.desktop/javax.swing.text.JTextComponent.getPreferredScrollableViewportSize(JTextComponent.java:1999)
at java.desktop/javax.swing.ViewportLayout.preferredLayoutSize(ViewportLayout.java:95)
at java.desktop/java.awt.Container.preferredSize(Container.java:1823)
at java.desktop/java.awt.Container.getPreferredSize(Container.java:1807)
at java.desktop/javax.swing.JComponent.getPreferredSize(JComponent.java:1685)
at java.desktop/javax.swing.ScrollPaneLayout.preferredLayoutSize(ScrollPaneLayout.java:496)
at java.desktop/java.awt.Container.preferredSize(Container.java:1823)
at java.desktop/java.awt.Container.getPreferredSize(Container.java:1807)
at java.desktop/javax.swing.JComponent.getPreferredSize(JComponent.java:1685)
at com.intellij.idea.Main.showMessage(Main.java:259)
at com.intellij.idea.Main.showMessage(Main.java:224)
at com.intellij.ide.plugins.StartupAbortedException.logAndExit(StartupAbortedException.java:83)
at com.intellij.ide.plugins.StartupAbortedException.processException(StartupAbortedException.java:33)
at com.intellij.idea.ApplicationLoader$preloadServices$1$1.accept(ApplicationLoader.kt:270)
at com.intellij.idea.ApplicationLoader$preloadServices$1$1.accept(ApplicationLoader.kt)
at java.base/java.util.concurrent.CompletableFuture.uniWhenComplete(CompletableFuture.java:859)
at java.base/java.util.concurrent.CompletableFuture$UniWhenComplete.tryFire(CompletableFuture.java:837)
at java.base/java.util.concurrent.CompletableFuture.postComplete(CompletableFuture.java:506)
at java.base/java.util.concurrent.CompletableFuture$AsyncRun.run(CompletableFuture.java:1742)
at com.intellij.util.concurrency.BoundedTaskExecutor.doRun(BoundedTaskExecutor.java:215)
at com.intellij.util.concurrency.BoundedTaskExecutor.access$200(BoundedTaskExecutor.java:26)
at com.intellij.util.concurrency.BoundedTaskExecutor$1.execute(BoundedTaskExecutor.java:194)
at com.intellij.util.concurrency.BoundedTaskExecutor$1.run(BoundedTaskExecutor.java:186)
at java.base/java.util.concurrent.ThreadPoolExecutor.runWorker(ThreadPoolExecutor.java:1128)
at java.base/java.util.concurrent.ThreadPoolExecutor$Worker.run(ThreadPoolExecutor.java:628)
at java.base/java.util.concurrent.Executors$PrivilegedThreadFactory$1$1.run(Executors.java:668)
at java.base/java.util.concurrent.Executors$PrivilegedThreadFactory$1$1.run(Executors.java:665)
at java.base/java.security.AccessController.doPrivileged(Native Method)
at java.base/java.util.concurrent.Executors$PrivilegedThreadFactory$1.run(Executors.java:665)
at java.base/java.lang.Thread.run(Thread.java:834)
Caused by: java.lang.reflect.InvocationTargetException
at java.base/jdk.internal.reflect.NativeConstructorAccessorImpl.newInstance0(Native Method)
at java.base/jdk.internal.reflect.NativeConstructorAccessorImpl.newInstance(NativeConstructorAccessorImpl.java:62)
at java.base/jdk.internal.reflect.DelegatingConstructorAccessorImpl.newInstance(DelegatingConstructorAccessorImpl.java:45)
at java.base/java.lang.reflect.Constructor.newInstance(Constructor.java:490)
at java.desktop/sun.font.FontManagerFactory$1.run(FontManagerFactory.java:84)
... 59 more
Caused by: java.lang.NullPointerException
at java.desktop/sun.awt.FontConfiguration.getVersion(FontConfiguration.java:1262)
at java.desktop/sun.awt.FontConfiguration.readFontConfigFile(FontConfiguration.java:225)
at java.desktop/sun.awt.FontConfiguration.init(FontConfiguration.java:107)
at java.desktop/sun.awt.X11FontManager.createFontConfiguration(X11FontManager.java:719)
at java.desktop/sun.font.SunFontManager$2.run(SunFontManager.java:484)
at java.base/java.security.AccessController.doPrivileged(Native Method)
at java.desktop/sun.font.SunFontManager.<init>(SunFontManager.java:430)
at java.desktop/sun.awt.FcFontManager.<init>(FcFontManager.java:35)
at java.desktop/sun.awt.X11FontManager.<init>(X11FontManager.java:56)
... 64 more
